<?xml version="1.0" encoding="UTF-8" ?>
<testsuite tests="4" failures="0" name="com.belatrixsf.refactoringexercies.business.NewJobLoggerTest" time="0.507" errors="0" skipped="0">
  <properties>
    <property name="java.runtime.name" value="OpenJDK Runtime Environment"/>
    <property name="java.vm.version" value="11.0.2+9"/>
    <property name="sun.boot.library.path" value="/Library/Java/JavaVirtualMachines/jdk-11.0.2.jdk/Contents/Home/lib"/>
    <property name="gopherProxySet" value="false"/>
    <property name="maven.multiModuleProjectDirectory" value="/Users/lord_nightmare/NetBeansProjects/RefactoringExercies"/>
    <property name="java.vm.vendor" value="Oracle Corporation"/>
    <property name="java.vendor.url" value="http://java.oracle.com/"/>
    <property name="guice.disable.misplaced.annotation.check" value="true"/>
    <property name="path.separator" value=":"/>
    <property name="java.vm.name" value="OpenJDK 64-Bit Server VM"/>
    <property name="sun.os.patch.level" value="unknown"/>
    <property name="user.country" value="CO"/>
    <property name="sun.java.launcher" value="SUN_STANDARD"/>
    <property name="java.vm.specification.name" value="Java Virtual Machine Specification"/>
    <property name="user.dir" value="/Users/lord_nightmare/NetBeansProjects/RefactoringExercies"/>
    <property name="java.vm.compressedOopsMode" value="Zero based"/>
    <property name="java.runtime.version" value="11.0.2+9"/>
    <property name="java.awt.graphicsenv" value="sun.awt.CGraphicsEnvironment"/>
    <property name="os.arch" value="x86_64"/>
    <property name="java.io.tmpdir" value="/var/folders/lx/_fnrfym96wv7kv_12hcs74x80000gn/T/"/>
    <property name="line.separator" value="
"/>
    <property name="java.vm.specification.vendor" value="Oracle Corporation"/>
    <property name="os.name" value="Mac OS X"/>
    <property name="maven.ext.class.path" value="/Applications/NetBeans/Apache NetBeans 11.1.app/Contents/Resources/NetBeans/java/maven-nblib/netbeans-eventspy.jar"/>
    <property name="classworlds.conf" value="/Applications/NetBeans/Apache NetBeans 11.1.app/Contents/Resources/NetBeans/java/maven/bin/m2.conf"/>
    <property name="sun.jnu.encoding" value="UTF-8"/>
    <property name="java.library.path" value="/Users/lord_nightmare/Library/Java/Extensions:/Library/Java/Extensions:/Network/Library/Java/Extensions:/System/Library/Java/Extensions:/usr/lib/java:."/>
    <property name="jdk.debug" value="release"/>
    <property name="java.class.version" value="55.0"/>
    <property name="java.specification.name" value="Java Platform API Specification"/>
    <property name="sun.management.compiler" value="HotSpot 64-Bit Tiered Compilers"/>
    <property name="os.version" value="10.14.6"/>
    <property name="http.nonProxyHosts" value="local|*.local|169.254/16|*.169.254/16"/>
    <property name="user.home" value="/Users/lord_nightmare"/>
    <property name="user.timezone" value="America/Bogota"/>
    <property name="java.awt.printerjob" value="sun.lwawt.macosx.CPrinterJob"/>
    <property name="file.encoding" value="UTF-8"/>
    <property name="java.specification.version" value="11"/>
    <property name="user.name" value="lord_nightmare"/>
    <property name="java.class.path" value="/Applications/NetBeans/Apache NetBeans 11.1.app/Contents/Resources/NetBeans/java/maven/boot/plexus-classworlds-2.5.2.jar"/>
    <property name="java.vm.specification.version" value="11"/>
    <property name="sun.arch.data.model" value="64"/>
    <property name="sun.java.command" value="org.codehaus.plexus.classworlds.launcher.Launcher -Dmaven.ext.class.path=/Applications/NetBeans/Apache NetBeans 11.1.app/Contents/Resources/NetBeans/java/maven-nblib/netbeans-eventspy.jar test"/>
    <property name="java.home" value="/Library/Java/JavaVirtualMachines/jdk-11.0.2.jdk/Contents/Home"/>
    <property name="user.language" value="en"/>
    <property name="java.specification.vendor" value="Oracle Corporation"/>
    <property name="awt.toolkit" value="sun.lwawt.macosx.LWCToolkit"/>
    <property name="java.vm.info" value="mixed mode"/>
    <property name="java.version" value="11.0.2"/>
    <property name="java.vendor" value="Oracle Corporation"/>
    <property name="maven.home" value="/Applications/NetBeans/Apache NetBeans 11.1.app/Contents/Resources/NetBeans/java/maven"/>
    <property name="file.separator" value="/"/>
    <property name="java.version.date" value="2019-01-15"/>
    <property name="java.vendor.url.bug" value="http://bugreport.java.com/bugreport/"/>
    <property name="sun.io.unicode.encoding" value="UnicodeBig"/>
    <property name="sun.cpu.endian" value="little"/>
    <property name="java.vendor.version" value="18.9"/>
    <property name="socksNonProxyHosts" value="local|*.local|169.254/16|*.169.254/16"/>
    <property name="ftp.nonProxyHosts" value="local|*.local|169.254/16|*.169.254/16"/>
    <property name="sun.cpu.isalist" value=""/>
  </properties>
  <testcase classname="com.belatrixsf.refactoringexercies.business.NewJobLoggerTest" name="testLogMessage" time="0.404"/>
  <testcase classname="com.belatrixsf.refactoringexercies.business.NewJobLoggerTest" name="testInfoLogMessage" time="0.039"/>
  <testcase classname="com.belatrixsf.refactoringexercies.business.NewJobLoggerTest" name="testWarningLogMessage" time="0.033"/>
  <testcase classname="com.belatrixsf.refactoringexercies.business.NewJobLoggerTest" name="testSevereLogMessage" time="0.031"/>
</testsuite>